2024-03-04 09:54:50
Full thread dump OpenJDK 64-Bit Server VM (21.0.2+13-LTS mixed mode, sharing):

Threads class SMR info:
_java_thread_list=0x00006000008cb2c0, length=11, elements={
0x000000013480ae00, 0x0000000134022e00, 0x0000000134016a00, 0x0000000134017200,
0x00000001348a7200, 0x00000001348a4c00, 0x0000000123008800, 0x00000001348a5400,
0x00000001348a2c00, 0x0000000134899e00, 0x0000000126809800
}

"main" #1 [10499] prio=5 os_prio=31 cpu=25215.40ms elapsed=25.60s tid=0x000000013480ae00 nid=10499 runnable  [0x000000016d35a000]
   java.lang.Thread.State: RUNNABLE
	at org.example.InfinitLoop.main(InfinitLoop.java:12)
	at java.lang.invoke.LambdaForm$DMH/0x0000007001031000.invokeStatic(java.base@21.0.2/LambdaForm$DMH)
	at java.lang.invoke.LambdaForm$MH/0x0000007001141400.invoke(java.base@21.0.2/LambdaForm$MH)
	at java.lang.invoke.Invokers$Holder.invokeExact_MT(java.base@21.0.2/Invokers$Holder)
	at jdk.internal.reflect.DirectMethodHandleAccessor.invokeImpl(java.base@21.0.2/DirectMethodHandleAccessor.java:154)
	at jdk.internal.reflect.DirectMethodHandleAccessor.invoke(java.base@21.0.2/DirectMethodHandleAccessor.java:103)
	at java.lang.reflect.Method.invoke(java.base@21.0.2/Method.java:580)
	at com.sun.tools.javac.launcher.Main.execute(jdk.compiler@21.0.2/Main.java:484)
	at com.sun.tools.javac.launcher.Main.run(jdk.compiler@21.0.2/Main.java:208)
	at com.sun.tools.javac.launcher.Main.main(jdk.compiler@21.0.2/Main.java:135)

"Reference Handler" #9 [22787] daemon prio=10 os_prio=31 cpu=0.42ms elapsed=25.59s tid=0x0000000134022e00 nid=22787 waiting on condition  [0x000000016e4d2000]
   java.lang.Thread.State: RUNNABLE
	at java.lang.ref.Reference.waitForReferencePendingList(java.base@21.0.2/Native Method)
	at java.lang.ref.Reference.processPendingReferences(java.base@21.0.2/Reference.java:246)
	at java.lang.ref.Reference$ReferenceHandler.run(java.base@21.0.2/Reference.java:208)

"Finalizer" #10 [31491] daemon prio=8 os_prio=31 cpu=0.05ms elapsed=25.59s tid=0x0000000134016a00 nid=31491 in Object.wait()  [0x000000016e6de000]
   java.lang.Thread.State: WAITING (on object monitor)
	at java.lang.Object.wait0(java.base@21.0.2/Native Method)
	- waiting on <0x0000000700000888> (a java.lang.ref.NativeReferenceQueue$Lock)
	at java.lang.Object.wait(java.base@21.0.2/Object.java:366)
	at java.lang.Object.wait(java.base@21.0.2/Object.java:339)
	at java.lang.ref.NativeReferenceQueue.await(java.base@21.0.2/NativeReferenceQueue.java:48)
	at java.lang.ref.ReferenceQueue.remove0(java.base@21.0.2/ReferenceQueue.java:158)
	at java.lang.ref.NativeReferenceQueue.remove(java.base@21.0.2/NativeReferenceQueue.java:89)
	- locked <0x0000000700000888> (a java.lang.ref.NativeReferenceQueue$Lock)
	at java.lang.ref.Finalizer$FinalizerThread.run(java.base@21.0.2/Finalizer.java:173)

"Signal Dispatcher" #11 [23299] daemon prio=9 os_prio=31 cpu=0.15ms elapsed=25.59s tid=0x0000000134017200 nid=23299 waiting on condition  [0x0000000000000000]
   java.lang.Thread.State: RUNNABLE

"Service Thread" #12 [23811] daemon prio=9 os_prio=31 cpu=0.03ms elapsed=25.59s tid=0x00000001348a7200 nid=23811 runnable  [0x0000000000000000]
   java.lang.Thread.State: RUNNABLE

"Monitor Deflation Thread" #13 [30979] daemon prio=9 os_prio=31 cpu=1.36ms elapsed=25.59s tid=0x00000001348a4c00 nid=30979 runnable  [0x0000000000000000]
   java.lang.Thread.State: RUNNABLE

"C2 CompilerThread0" #14 [24323] daemon prio=9 os_prio=31 cpu=134.22ms elapsed=25.59s tid=0x0000000123008800 nid=24323 waiting on condition  [0x0000000000000000]
   java.lang.Thread.State: RUNNABLE
   No compile task

"C1 CompilerThread0" #17 [30723] daemon prio=9 os_prio=31 cpu=113.41ms elapsed=25.59s tid=0x00000001348a5400 nid=30723 waiting on condition  [0x0000000000000000]
   java.lang.Thread.State: RUNNABLE
   No compile task

"Common-Cleaner" #18 [24835] daemon prio=8 os_prio=31 cpu=0.46ms elapsed=25.58s tid=0x00000001348a2c00 nid=24835 waiting on condition  [0x000000016f326000]
   java.lang.Thread.State: TIMED_WAITING (parking)
	at jdk.internal.misc.Unsafe.park(java.base@21.0.2/Native Method)
	- parking to wait for  <0x000000070000f210> (a java.util.concurrent.locks.AbstractQueuedSynchronizer$ConditionObject)
	at java.util.concurrent.locks.LockSupport.parkNanos(java.base@21.0.2/LockSupport.java:269)
	at java.util.concurrent.locks.AbstractQueuedSynchronizer$ConditionObject.await(java.base@21.0.2/AbstractQueuedSynchronizer.java:1847)
	at java.lang.ref.ReferenceQueue.await(java.base@21.0.2/ReferenceQueue.java:71)
	at java.lang.ref.ReferenceQueue.remove0(java.base@21.0.2/ReferenceQueue.java:143)
	at java.lang.ref.ReferenceQueue.remove(java.base@21.0.2/ReferenceQueue.java:218)
	at jdk.internal.ref.CleanerImpl.run(java.base@21.0.2/CleanerImpl.java:140)
	at java.lang.Thread.runWith(java.base@21.0.2/Thread.java:1596)
	at java.lang.Thread.run(java.base@21.0.2/Thread.java:1583)
	at jdk.internal.misc.InnocuousThread.run(java.base@21.0.2/InnocuousThread.java:186)

"Notification Thread" #19 [29955] daemon prio=9 os_prio=31 cpu=0.02ms elapsed=25.57s tid=0x0000000134899e00 nid=29955 runnable  [0x0000000000000000]
   java.lang.Thread.State: RUNNABLE

"Attach Listener" #28 [22023] daemon prio=9 os_prio=31 cpu=0.31ms elapsed=0.10s tid=0x0000000126809800 nid=22023 waiting on condition  [0x0000000000000000]
   java.lang.Thread.State: RUNNABLE

"VM Thread" os_prio=31 cpu=101.56ms elapsed=25.59s tid=0x0000000133f0e5b0 nid=18179 runnable  

"GC Thread#0" os_prio=31 cpu=86.72ms elapsed=25.60s tid=0x0000000133f07840 nid=14339 runnable  

"GC Thread#1" os_prio=31 cpu=87.33ms elapsed=25.35s tid=0x0000000133e41a90 nid=25091 runnable  

"GC Thread#2" os_prio=31 cpu=85.88ms elapsed=25.35s tid=0x0000000133e42000 nid=29443 runnable  

"GC Thread#3" os_prio=31 cpu=86.49ms elapsed=25.35s tid=0x0000000133f8ce80 nid=29187 runnable  

"GC Thread#4" os_prio=31 cpu=86.20ms elapsed=25.35s tid=0x0000000133f8d7e0 nid=25859 runnable  

"GC Thread#5" os_prio=31 cpu=87.65ms elapsed=25.35s tid=0x0000000133f8e140 nid=28675 runnable  

"GC Thread#6" os_prio=31 cpu=82.75ms elapsed=25.18s tid=0x0000000133f8f380 nid=26371 runnable  

"GC Thread#7" os_prio=31 cpu=81.37ms elapsed=25.18s tid=0x0000000133f8fbe0 nid=26883 runnable  

"GC Thread#8" os_prio=31 cpu=81.45ms elapsed=25.18s tid=0x0000000133f8ff80 nid=27395 runnable  

"G1 Main Marker" os_prio=31 cpu=0.02ms elapsed=25.60s tid=0x0000000133f07fe0 nid=12547 runnable  

"G1 Conc#0" os_prio=31 cpu=0.01ms elapsed=25.60s tid=0x0000000133f08960 nid=13059 runnable  

"G1 Refine#0" os_prio=31 cpu=0.01ms elapsed=25.60s tid=0x0000000134896400 nid=16387 runnable  

"G1 Service" os_prio=31 cpu=4.92ms elapsed=25.60s tid=0x0000000133f0b140 nid=16643 runnable  

"VM Periodic Task Thread" os_prio=31 cpu=7.59ms elapsed=25.59s tid=0x0000000123e04970 nid=17411 waiting on condition  

JNI global refs: 9, weak refs: 0

2024-03-04 09:54:51
Full thread dump OpenJDK 64-Bit Server VM (21.0.2+13-LTS mixed mode, sharing):

Threads class SMR info:
_java_thread_list=0x00006000008cb2c0, length=11, elements={
0x000000013480ae00, 0x0000000134022e00, 0x0000000134016a00, 0x0000000134017200,
0x00000001348a7200, 0x00000001348a4c00, 0x0000000123008800, 0x00000001348a5400,
0x00000001348a2c00, 0x0000000134899e00, 0x0000000126809800
}

"main" #1 [10499] prio=5 os_prio=31 cpu=26414.88ms elapsed=26.81s tid=0x000000013480ae00 nid=10499 runnable  [0x000000016d35a000]
   java.lang.Thread.State: RUNNABLE
	at org.example.InfinitLoop.main(InfinitLoop.java:12)
	at java.lang.invoke.LambdaForm$DMH/0x0000007001031000.invokeStatic(java.base@21.0.2/LambdaForm$DMH)
	at java.lang.invoke.LambdaForm$MH/0x0000007001141400.invoke(java.base@21.0.2/LambdaForm$MH)
	at java.lang.invoke.Invokers$Holder.invokeExact_MT(java.base@21.0.2/Invokers$Holder)
	at jdk.internal.reflect.DirectMethodHandleAccessor.invokeImpl(java.base@21.0.2/DirectMethodHandleAccessor.java:154)
	at jdk.internal.reflect.DirectMethodHandleAccessor.invoke(java.base@21.0.2/DirectMethodHandleAccessor.java:103)
	at java.lang.reflect.Method.invoke(java.base@21.0.2/Method.java:580)
	at com.sun.tools.javac.launcher.Main.execute(jdk.compiler@21.0.2/Main.java:484)
	at com.sun.tools.javac.launcher.Main.run(jdk.compiler@21.0.2/Main.java:208)
	at com.sun.tools.javac.launcher.Main.main(jdk.compiler@21.0.2/Main.java:135)

"Reference Handler" #9 [22787] daemon prio=10 os_prio=31 cpu=0.42ms elapsed=26.80s tid=0x0000000134022e00 nid=22787 waiting on condition  [0x000000016e4d2000]
   java.lang.Thread.State: RUNNABLE
	at java.lang.ref.Reference.waitForReferencePendingList(java.base@21.0.2/Native Method)
	at java.lang.ref.Reference.processPendingReferences(java.base@21.0.2/Reference.java:246)
	at java.lang.ref.Reference$ReferenceHandler.run(java.base@21.0.2/Reference.java:208)

"Finalizer" #10 [31491] daemon prio=8 os_prio=31 cpu=0.05ms elapsed=26.80s tid=0x0000000134016a00 nid=31491 in Object.wait()  [0x000000016e6de000]
   java.lang.Thread.State: WAITING (on object monitor)
	at java.lang.Object.wait0(java.base@21.0.2/Native Method)
	- waiting on <0x0000000700000888> (a java.lang.ref.NativeReferenceQueue$Lock)
	at java.lang.Object.wait(java.base@21.0.2/Object.java:366)
	at java.lang.Object.wait(java.base@21.0.2/Object.java:339)
	at java.lang.ref.NativeReferenceQueue.await(java.base@21.0.2/NativeReferenceQueue.java:48)
	at java.lang.ref.ReferenceQueue.remove0(java.base@21.0.2/ReferenceQueue.java:158)
	at java.lang.ref.NativeReferenceQueue.remove(java.base@21.0.2/NativeReferenceQueue.java:89)
	- locked <0x0000000700000888> (a java.lang.ref.NativeReferenceQueue$Lock)
	at java.lang.ref.Finalizer$FinalizerThread.run(java.base@21.0.2/Finalizer.java:173)

"Signal Dispatcher" #11 [23299] daemon prio=9 os_prio=31 cpu=0.15ms elapsed=26.80s tid=0x0000000134017200 nid=23299 waiting on condition  [0x0000000000000000]
   java.lang.Thread.State: RUNNABLE

"Service Thread" #12 [23811] daemon prio=9 os_prio=31 cpu=0.03ms elapsed=26.80s tid=0x00000001348a7200 nid=23811 runnable  [0x0000000000000000]
   java.lang.Thread.State: RUNNABLE

"Monitor Deflation Thread" #13 [30979] daemon prio=9 os_prio=31 cpu=1.43ms elapsed=26.80s tid=0x00000001348a4c00 nid=30979 runnable  [0x0000000000000000]
   java.lang.Thread.State: RUNNABLE

"C2 CompilerThread0" #14 [24323] daemon prio=9 os_prio=31 cpu=134.22ms elapsed=26.80s tid=0x0000000123008800 nid=24323 waiting on condition  [0x0000000000000000]
   java.lang.Thread.State: RUNNABLE
   No compile task

"C1 CompilerThread0" #17 [30723] daemon prio=9 os_prio=31 cpu=113.41ms elapsed=26.80s tid=0x00000001348a5400 nid=30723 waiting on condition  [0x0000000000000000]
   java.lang.Thread.State: RUNNABLE
   No compile task

"Common-Cleaner" #18 [24835] daemon prio=8 os_prio=31 cpu=0.46ms elapsed=26.79s tid=0x00000001348a2c00 nid=24835 waiting on condition  [0x000000016f326000]
   java.lang.Thread.State: TIMED_WAITING (parking)
	at jdk.internal.misc.Unsafe.park(java.base@21.0.2/Native Method)
	- parking to wait for  <0x000000070000f210> (a java.util.concurrent.locks.AbstractQueuedSynchronizer$ConditionObject)
	at java.util.concurrent.locks.LockSupport.parkNanos(java.base@21.0.2/LockSupport.java:269)
	at java.util.concurrent.locks.AbstractQueuedSynchronizer$ConditionObject.await(java.base@21.0.2/AbstractQueuedSynchronizer.java:1847)
	at java.lang.ref.ReferenceQueue.await(java.base@21.0.2/ReferenceQueue.java:71)
	at java.lang.ref.ReferenceQueue.remove0(java.base@21.0.2/ReferenceQueue.java:143)
	at java.lang.ref.ReferenceQueue.remove(java.base@21.0.2/ReferenceQueue.java:218)
	at jdk.internal.ref.CleanerImpl.run(java.base@21.0.2/CleanerImpl.java:140)
	at java.lang.Thread.runWith(java.base@21.0.2/Thread.java:1596)
	at java.lang.Thread.run(java.base@21.0.2/Thread.java:1583)
	at jdk.internal.misc.InnocuousThread.run(java.base@21.0.2/InnocuousThread.java:186)

"Notification Thread" #19 [29955] daemon prio=9 os_prio=31 cpu=0.02ms elapsed=26.78s tid=0x0000000134899e00 nid=29955 runnable  [0x0000000000000000]
   java.lang.Thread.State: RUNNABLE

"Attach Listener" #28 [22023] daemon prio=9 os_prio=31 cpu=0.36ms elapsed=1.32s tid=0x0000000126809800 nid=22023 waiting on condition  [0x0000000000000000]
   java.lang.Thread.State: RUNNABLE

"VM Thread" os_prio=31 cpu=106.55ms elapsed=26.80s tid=0x0000000133f0e5b0 nid=18179 runnable  

"GC Thread#0" os_prio=31 cpu=90.46ms elapsed=26.81s tid=0x0000000133f07840 nid=14339 runnable  

"GC Thread#1" os_prio=31 cpu=91.13ms elapsed=26.56s tid=0x0000000133e41a90 nid=25091 runnable  

"GC Thread#2" os_prio=31 cpu=89.51ms elapsed=26.56s tid=0x0000000133e42000 nid=29443 runnable  

"GC Thread#3" os_prio=31 cpu=90.34ms elapsed=26.56s tid=0x0000000133f8ce80 nid=29187 runnable  

"GC Thread#4" os_prio=31 cpu=89.88ms elapsed=26.56s tid=0x0000000133f8d7e0 nid=25859 runnable  

"GC Thread#5" os_prio=31 cpu=91.31ms elapsed=26.56s tid=0x0000000133f8e140 nid=28675 runnable  

"GC Thread#6" os_prio=31 cpu=86.53ms elapsed=26.40s tid=0x0000000133f8f380 nid=26371 runnable  

"GC Thread#7" os_prio=31 cpu=85.18ms elapsed=26.40s tid=0x0000000133f8fbe0 nid=26883 runnable  

"GC Thread#8" os_prio=31 cpu=85.17ms elapsed=26.40s tid=0x0000000133f8ff80 nid=27395 runnable  

"G1 Main Marker" os_prio=31 cpu=0.02ms elapsed=26.81s tid=0x0000000133f07fe0 nid=12547 runnable  

"G1 Conc#0" os_prio=31 cpu=0.01ms elapsed=26.81s tid=0x0000000133f08960 nid=13059 runnable  

"G1 Refine#0" os_prio=31 cpu=0.01ms elapsed=26.81s tid=0x0000000134896400 nid=16387 runnable  

"G1 Service" os_prio=31 cpu=5.18ms elapsed=26.81s tid=0x0000000133f0b140 nid=16643 runnable  

"VM Periodic Task Thread" os_prio=31 cpu=7.95ms elapsed=26.81s tid=0x0000000123e04970 nid=17411 waiting on condition  

JNI global refs: 9, weak refs: 0

2024-03-04 09:54:53
Full thread dump OpenJDK 64-Bit Server VM (21.0.2+13-LTS mixed mode, sharing):

Threads class SMR info:
_java_thread_list=0x00006000008cb2c0, length=11, elements={
0x000000013480ae00, 0x0000000134022e00, 0x0000000134016a00, 0x0000000134017200,
0x00000001348a7200, 0x00000001348a4c00, 0x0000000123008800, 0x00000001348a5400,
0x00000001348a2c00, 0x0000000134899e00, 0x0000000126809800
}

"main" #1 [10499] prio=5 os_prio=31 cpu=28323.83ms elapsed=28.75s tid=0x000000013480ae00 nid=10499 runnable  [0x000000016d35a000]
   java.lang.Thread.State: RUNNABLE
	at org.example.InfinitLoop.main(InfinitLoop.java:12)
	at java.lang.invoke.LambdaForm$DMH/0x0000007001031000.invokeStatic(java.base@21.0.2/LambdaForm$DMH)
	at java.lang.invoke.LambdaForm$MH/0x0000007001141400.invoke(java.base@21.0.2/LambdaForm$MH)
	at java.lang.invoke.Invokers$Holder.invokeExact_MT(java.base@21.0.2/Invokers$Holder)
	at jdk.internal.reflect.DirectMethodHandleAccessor.invokeImpl(java.base@21.0.2/DirectMethodHandleAccessor.java:154)
	at jdk.internal.reflect.DirectMethodHandleAccessor.invoke(java.base@21.0.2/DirectMethodHandleAccessor.java:103)
	at java.lang.reflect.Method.invoke(java.base@21.0.2/Method.java:580)
	at com.sun.tools.javac.launcher.Main.execute(jdk.compiler@21.0.2/Main.java:484)
	at com.sun.tools.javac.launcher.Main.run(jdk.compiler@21.0.2/Main.java:208)
	at com.sun.tools.javac.launcher.Main.main(jdk.compiler@21.0.2/Main.java:135)

"Reference Handler" #9 [22787] daemon prio=10 os_prio=31 cpu=0.42ms elapsed=28.73s tid=0x0000000134022e00 nid=22787 waiting on condition  [0x000000016e4d2000]
   java.lang.Thread.State: RUNNABLE
	at java.lang.ref.Reference.waitForReferencePendingList(java.base@21.0.2/Native Method)
	at java.lang.ref.Reference.processPendingReferences(java.base@21.0.2/Reference.java:246)
	at java.lang.ref.Reference$ReferenceHandler.run(java.base@21.0.2/Reference.java:208)

"Finalizer" #10 [31491] daemon prio=8 os_prio=31 cpu=0.05ms elapsed=28.73s tid=0x0000000134016a00 nid=31491 in Object.wait()  [0x000000016e6de000]
   java.lang.Thread.State: WAITING (on object monitor)
	at java.lang.Object.wait0(java.base@21.0.2/Native Method)
	- waiting on <0x0000000700000888> (a java.lang.ref.NativeReferenceQueue$Lock)
	at java.lang.Object.wait(java.base@21.0.2/Object.java:366)
	at java.lang.Object.wait(java.base@21.0.2/Object.java:339)
	at java.lang.ref.NativeReferenceQueue.await(java.base@21.0.2/NativeReferenceQueue.java:48)
	at java.lang.ref.ReferenceQueue.remove0(java.base@21.0.2/ReferenceQueue.java:158)
	at java.lang.ref.NativeReferenceQueue.remove(java.base@21.0.2/NativeReferenceQueue.java:89)
	- locked <0x0000000700000888> (a java.lang.ref.NativeReferenceQueue$Lock)
	at java.lang.ref.Finalizer$FinalizerThread.run(java.base@21.0.2/Finalizer.java:173)

"Signal Dispatcher" #11 [23299] daemon prio=9 os_prio=31 cpu=0.15ms elapsed=28.73s tid=0x0000000134017200 nid=23299 waiting on condition  [0x0000000000000000]
   java.lang.Thread.State: RUNNABLE

"Service Thread" #12 [23811] daemon prio=9 os_prio=31 cpu=0.03ms elapsed=28.73s tid=0x00000001348a7200 nid=23811 runnable  [0x0000000000000000]
   java.lang.Thread.State: RUNNABLE

"Monitor Deflation Thread" #13 [30979] daemon prio=9 os_prio=31 cpu=1.54ms elapsed=28.73s tid=0x00000001348a4c00 nid=30979 runnable  [0x0000000000000000]
   java.lang.Thread.State: RUNNABLE

"C2 CompilerThread0" #14 [24323] daemon prio=9 os_prio=31 cpu=134.22ms elapsed=28.73s tid=0x0000000123008800 nid=24323 waiting on condition  [0x0000000000000000]
   java.lang.Thread.State: RUNNABLE
   No compile task

"C1 CompilerThread0" #17 [30723] daemon prio=9 os_prio=31 cpu=113.41ms elapsed=28.73s tid=0x00000001348a5400 nid=30723 waiting on condition  [0x0000000000000000]
   java.lang.Thread.State: RUNNABLE
   No compile task

"Common-Cleaner" #18 [24835] daemon prio=8 os_prio=31 cpu=0.46ms elapsed=28.72s tid=0x00000001348a2c00 nid=24835 waiting on condition  [0x000000016f326000]
   java.lang.Thread.State: TIMED_WAITING (parking)
	at jdk.internal.misc.Unsafe.park(java.base@21.0.2/Native Method)
	- parking to wait for  <0x000000070000f210> (a java.util.concurrent.locks.AbstractQueuedSynchronizer$ConditionObject)
	at java.util.concurrent.locks.LockSupport.parkNanos(java.base@21.0.2/LockSupport.java:269)
	at java.util.concurrent.locks.AbstractQueuedSynchronizer$ConditionObject.await(java.base@21.0.2/AbstractQueuedSynchronizer.java:1847)
	at java.lang.ref.ReferenceQueue.await(java.base@21.0.2/ReferenceQueue.java:71)
	at java.lang.ref.ReferenceQueue.remove0(java.base@21.0.2/ReferenceQueue.java:143)
	at java.lang.ref.ReferenceQueue.remove(java.base@21.0.2/ReferenceQueue.java:218)
	at jdk.internal.ref.CleanerImpl.run(java.base@21.0.2/CleanerImpl.java:140)
	at java.lang.Thread.runWith(java.base@21.0.2/Thread.java:1596)
	at java.lang.Thread.run(java.base@21.0.2/Thread.java:1583)
	at jdk.internal.misc.InnocuousThread.run(java.base@21.0.2/InnocuousThread.java:186)

"Notification Thread" #19 [29955] daemon prio=9 os_prio=31 cpu=0.02ms elapsed=28.71s tid=0x0000000134899e00 nid=29955 runnable  [0x0000000000000000]
   java.lang.Thread.State: RUNNABLE

"Attach Listener" #28 [22023] daemon prio=9 os_prio=31 cpu=0.41ms elapsed=3.25s tid=0x0000000126809800 nid=22023 waiting on condition  [0x0000000000000000]
   java.lang.Thread.State: RUNNABLE

"VM Thread" os_prio=31 cpu=114.18ms elapsed=28.74s tid=0x0000000133f0e5b0 nid=18179 runnable  

"GC Thread#0" os_prio=31 cpu=96.80ms elapsed=28.74s tid=0x0000000133f07840 nid=14339 runnable  

"GC Thread#1" os_prio=31 cpu=97.04ms elapsed=28.50s tid=0x0000000133e41a90 nid=25091 runnable  

"GC Thread#2" os_prio=31 cpu=95.54ms elapsed=28.50s tid=0x0000000133e42000 nid=29443 runnable  

"GC Thread#3" os_prio=31 cpu=96.09ms elapsed=28.50s tid=0x0000000133f8ce80 nid=29187 runnable  

"GC Thread#4" os_prio=31 cpu=95.69ms elapsed=28.50s tid=0x0000000133f8d7e0 nid=25859 runnable  

"GC Thread#5" os_prio=31 cpu=97.33ms elapsed=28.50s tid=0x0000000133f8e140 nid=28675 runnable  

"GC Thread#6" os_prio=31 cpu=92.45ms elapsed=28.33s tid=0x0000000133f8f380 nid=26371 runnable  

"GC Thread#7" os_prio=31 cpu=90.98ms elapsed=28.33s tid=0x0000000133f8fbe0 nid=26883 runnable  

"GC Thread#8" os_prio=31 cpu=90.88ms elapsed=28.33s tid=0x0000000133f8ff80 nid=27395 runnable  

"G1 Main Marker" os_prio=31 cpu=0.02ms elapsed=28.74s tid=0x0000000133f07fe0 nid=12547 runnable  

"G1 Conc#0" os_prio=31 cpu=0.01ms elapsed=28.74s tid=0x0000000133f08960 nid=13059 runnable  

"G1 Refine#0" os_prio=31 cpu=0.01ms elapsed=28.74s tid=0x0000000134896400 nid=16387 runnable  

"G1 Service" os_prio=31 cpu=5.52ms elapsed=28.74s tid=0x0000000133f0b140 nid=16643 runnable  

"VM Periodic Task Thread" os_prio=31 cpu=8.50ms elapsed=28.74s tid=0x0000000123e04970 nid=17411 waiting on condition  

JNI global refs: 9, weak refs: 0

2024-03-04 09:54:55
Full thread dump OpenJDK 64-Bit Server VM (21.0.2+13-LTS mixed mode, sharing):

Threads class SMR info:
_java_thread_list=0x00006000008cb2c0, length=11, elements={
0x000000013480ae00, 0x0000000134022e00, 0x0000000134016a00, 0x0000000134017200,
0x00000001348a7200, 0x00000001348a4c00, 0x0000000123008800, 0x00000001348a5400,
0x00000001348a2c00, 0x0000000134899e00, 0x0000000126809800
}

"main" #1 [10499] prio=5 os_prio=31 cpu=30252.30ms elapsed=30.70s tid=0x000000013480ae00 nid=10499 runnable  [0x000000016d35a000]
   java.lang.Thread.State: RUNNABLE
	at org.example.InfinitLoop.main(InfinitLoop.java:12)
	at java.lang.invoke.LambdaForm$DMH/0x0000007001031000.invokeStatic(java.base@21.0.2/LambdaForm$DMH)
	at java.lang.invoke.LambdaForm$MH/0x0000007001141400.invoke(java.base@21.0.2/LambdaForm$MH)
	at java.lang.invoke.Invokers$Holder.invokeExact_MT(java.base@21.0.2/Invokers$Holder)
	at jdk.internal.reflect.DirectMethodHandleAccessor.invokeImpl(java.base@21.0.2/DirectMethodHandleAccessor.java:154)
	at jdk.internal.reflect.DirectMethodHandleAccessor.invoke(java.base@21.0.2/DirectMethodHandleAccessor.java:103)
	at java.lang.reflect.Method.invoke(java.base@21.0.2/Method.java:580)
	at com.sun.tools.javac.launcher.Main.execute(jdk.compiler@21.0.2/Main.java:484)
	at com.sun.tools.javac.launcher.Main.run(jdk.compiler@21.0.2/Main.java:208)
	at com.sun.tools.javac.launcher.Main.main(jdk.compiler@21.0.2/Main.java:135)

"Reference Handler" #9 [22787] daemon prio=10 os_prio=31 cpu=0.42ms elapsed=30.68s tid=0x0000000134022e00 nid=22787 waiting on condition  [0x000000016e4d2000]
   java.lang.Thread.State: RUNNABLE
	at java.lang.ref.Reference.waitForReferencePendingList(java.base@21.0.2/Native Method)
	at java.lang.ref.Reference.processPendingReferences(java.base@21.0.2/Reference.java:246)
	at java.lang.ref.Reference$ReferenceHandler.run(java.base@21.0.2/Reference.java:208)

"Finalizer" #10 [31491] daemon prio=8 os_prio=31 cpu=0.05ms elapsed=30.68s tid=0x0000000134016a00 nid=31491 in Object.wait()  [0x000000016e6de000]
   java.lang.Thread.State: WAITING (on object monitor)
	at java.lang.Object.wait0(java.base@21.0.2/Native Method)
	- waiting on <0x0000000700000888> (a java.lang.ref.NativeReferenceQueue$Lock)
	at java.lang.Object.wait(java.base@21.0.2/Object.java:366)
	at java.lang.Object.wait(java.base@21.0.2/Object.java:339)
	at java.lang.ref.NativeReferenceQueue.await(java.base@21.0.2/NativeReferenceQueue.java:48)
	at java.lang.ref.ReferenceQueue.remove0(java.base@21.0.2/ReferenceQueue.java:158)
	at java.lang.ref.NativeReferenceQueue.remove(java.base@21.0.2/NativeReferenceQueue.java:89)
	- locked <0x0000000700000888> (a java.lang.ref.NativeReferenceQueue$Lock)
	at java.lang.ref.Finalizer$FinalizerThread.run(java.base@21.0.2/Finalizer.java:173)

"Signal Dispatcher" #11 [23299] daemon prio=9 os_prio=31 cpu=0.15ms elapsed=30.68s tid=0x0000000134017200 nid=23299 waiting on condition  [0x0000000000000000]
   java.lang.Thread.State: RUNNABLE

"Service Thread" #12 [23811] daemon prio=9 os_prio=31 cpu=0.03ms elapsed=30.68s tid=0x00000001348a7200 nid=23811 runnable  [0x0000000000000000]
   java.lang.Thread.State: RUNNABLE

"Monitor Deflation Thread" #13 [30979] daemon prio=9 os_prio=31 cpu=1.64ms elapsed=30.68s tid=0x00000001348a4c00 nid=30979 runnable  [0x0000000000000000]
   java.lang.Thread.State: RUNNABLE

"C2 CompilerThread0" #14 [24323] daemon prio=9 os_prio=31 cpu=134.24ms elapsed=30.68s tid=0x0000000123008800 nid=24323 waiting on condition  [0x0000000000000000]
   java.lang.Thread.State: RUNNABLE
   No compile task

"C1 CompilerThread0" #17 [30723] daemon prio=9 os_prio=31 cpu=113.42ms elapsed=30.68s tid=0x00000001348a5400 nid=30723 waiting on condition  [0x0000000000000000]
   java.lang.Thread.State: RUNNABLE
   No compile task

"Common-Cleaner" #18 [24835] daemon prio=8 os_prio=31 cpu=0.46ms elapsed=30.67s tid=0x00000001348a2c00 nid=24835 waiting on condition  [0x000000016f326000]
   java.lang.Thread.State: TIMED_WAITING (parking)
	at jdk.internal.misc.Unsafe.park(java.base@21.0.2/Native Method)
	- parking to wait for  <0x000000070000f210> (a java.util.concurrent.locks.AbstractQueuedSynchronizer$ConditionObject)
	at java.util.concurrent.locks.LockSupport.parkNanos(java.base@21.0.2/LockSupport.java:269)
	at java.util.concurrent.locks.AbstractQueuedSynchronizer$ConditionObject.await(java.base@21.0.2/AbstractQueuedSynchronizer.java:1847)
	at java.lang.ref.ReferenceQueue.await(java.base@21.0.2/ReferenceQueue.java:71)
	at java.lang.ref.ReferenceQueue.remove0(java.base@21.0.2/ReferenceQueue.java:143)
	at java.lang.ref.ReferenceQueue.remove(java.base@21.0.2/ReferenceQueue.java:218)
	at jdk.internal.ref.CleanerImpl.run(java.base@21.0.2/CleanerImpl.java:140)
	at java.lang.Thread.runWith(java.base@21.0.2/Thread.java:1596)
	at java.lang.Thread.run(java.base@21.0.2/Thread.java:1583)
	at jdk.internal.misc.InnocuousThread.run(java.base@21.0.2/InnocuousThread.java:186)

"Notification Thread" #19 [29955] daemon prio=9 os_prio=31 cpu=0.02ms elapsed=30.66s tid=0x0000000134899e00 nid=29955 runnable  [0x0000000000000000]
   java.lang.Thread.State: RUNNABLE

"Attach Listener" #28 [22023] daemon prio=9 os_prio=31 cpu=0.47ms elapsed=5.20s tid=0x0000000126809800 nid=22023 waiting on condition  [0x0000000000000000]
   java.lang.Thread.State: RUNNABLE

"VM Thread" os_prio=31 cpu=121.94ms elapsed=30.69s tid=0x0000000133f0e5b0 nid=18179 runnable  

"GC Thread#0" os_prio=31 cpu=102.92ms elapsed=30.70s tid=0x0000000133f07840 nid=14339 runnable  

"GC Thread#1" os_prio=31 cpu=103.43ms elapsed=30.45s tid=0x0000000133e41a90 nid=25091 runnable  

"GC Thread#2" os_prio=31 cpu=102.04ms elapsed=30.45s tid=0x0000000133e42000 nid=29443 runnable  

"GC Thread#3" os_prio=31 cpu=102.60ms elapsed=30.45s tid=0x0000000133f8ce80 nid=29187 runnable  

"GC Thread#4" os_prio=31 cpu=102.15ms elapsed=30.45s tid=0x0000000133f8d7e0 nid=25859 runnable  

"GC Thread#5" os_prio=31 cpu=103.42ms elapsed=30.45s tid=0x0000000133f8e140 nid=28675 runnable  

"GC Thread#6" os_prio=31 cpu=98.72ms elapsed=30.28s tid=0x0000000133f8f380 nid=26371 runnable  

"GC Thread#7" os_prio=31 cpu=97.37ms elapsed=30.28s tid=0x0000000133f8fbe0 nid=26883 runnable  

"GC Thread#8" os_prio=31 cpu=97.03ms elapsed=30.28s tid=0x0000000133f8ff80 nid=27395 runnable  

"G1 Main Marker" os_prio=31 cpu=0.02ms elapsed=30.70s tid=0x0000000133f07fe0 nid=12547 runnable  

"G1 Conc#0" os_prio=31 cpu=0.01ms elapsed=30.70s tid=0x0000000133f08960 nid=13059 runnable  

"G1 Refine#0" os_prio=31 cpu=0.01ms elapsed=30.70s tid=0x0000000134896400 nid=16387 runnable  

"G1 Service" os_prio=31 cpu=5.91ms elapsed=30.70s tid=0x0000000133f0b140 nid=16643 runnable  

"VM Periodic Task Thread" os_prio=31 cpu=9.12ms elapsed=30.69s tid=0x0000000123e04970 nid=17411 waiting on condition  

JNI global refs: 9, weak refs: 0

2024-03-04 09:54:57
Full thread dump OpenJDK 64-Bit Server VM (21.0.2+13-LTS mixed mode, sharing):

Threads class SMR info:
_java_thread_list=0x00006000008cb2c0, length=11, elements={
0x000000013480ae00, 0x0000000134022e00, 0x0000000134016a00, 0x0000000134017200,
0x00000001348a7200, 0x00000001348a4c00, 0x0000000123008800, 0x00000001348a5400,
0x00000001348a2c00, 0x0000000134899e00, 0x0000000126809800
}

"main" #1 [10499] prio=5 os_prio=31 cpu=32236.26ms elapsed=32.70s tid=0x000000013480ae00 nid=10499 runnable  [0x000000016d35a000]
   java.lang.Thread.State: RUNNABLE
	at org.example.InfinitLoop.main(InfinitLoop.java:12)
	at java.lang.invoke.LambdaForm$DMH/0x0000007001031000.invokeStatic(java.base@21.0.2/LambdaForm$DMH)
	at java.lang.invoke.LambdaForm$MH/0x0000007001141400.invoke(java.base@21.0.2/LambdaForm$MH)
	at java.lang.invoke.Invokers$Holder.invokeExact_MT(java.base@21.0.2/Invokers$Holder)
	at jdk.internal.reflect.DirectMethodHandleAccessor.invokeImpl(java.base@21.0.2/DirectMethodHandleAccessor.java:154)
	at jdk.internal.reflect.DirectMethodHandleAccessor.invoke(java.base@21.0.2/DirectMethodHandleAccessor.java:103)
	at java.lang.reflect.Method.invoke(java.base@21.0.2/Method.java:580)
	at com.sun.tools.javac.launcher.Main.execute(jdk.compiler@21.0.2/Main.java:484)
	at com.sun.tools.javac.launcher.Main.run(jdk.compiler@21.0.2/Main.java:208)
	at com.sun.tools.javac.launcher.Main.main(jdk.compiler@21.0.2/Main.java:135)

"Reference Handler" #9 [22787] daemon prio=10 os_prio=31 cpu=0.42ms elapsed=32.69s tid=0x0000000134022e00 nid=22787 waiting on condition  [0x000000016e4d2000]
   java.lang.Thread.State: RUNNABLE
	at java.lang.ref.Reference.waitForReferencePendingList(java.base@21.0.2/Native Method)
	at java.lang.ref.Reference.processPendingReferences(java.base@21.0.2/Reference.java:246)
	at java.lang.ref.Reference$ReferenceHandler.run(java.base@21.0.2/Reference.java:208)

"Finalizer" #10 [31491] daemon prio=8 os_prio=31 cpu=0.05ms elapsed=32.69s tid=0x0000000134016a00 nid=31491 in Object.wait()  [0x000000016e6de000]
   java.lang.Thread.State: WAITING (on object monitor)
	at java.lang.Object.wait0(java.base@21.0.2/Native Method)
	- waiting on <0x0000000700000888> (a java.lang.ref.NativeReferenceQueue$Lock)
	at java.lang.Object.wait(java.base@21.0.2/Object.java:366)
	at java.lang.Object.wait(java.base@21.0.2/Object.java:339)
	at java.lang.ref.NativeReferenceQueue.await(java.base@21.0.2/NativeReferenceQueue.java:48)
	at java.lang.ref.ReferenceQueue.remove0(java.base@21.0.2/ReferenceQueue.java:158)
	at java.lang.ref.NativeReferenceQueue.remove(java.base@21.0.2/NativeReferenceQueue.java:89)
	- locked <0x0000000700000888> (a java.lang.ref.NativeReferenceQueue$Lock)
	at java.lang.ref.Finalizer$FinalizerThread.run(java.base@21.0.2/Finalizer.java:173)

"Signal Dispatcher" #11 [23299] daemon prio=9 os_prio=31 cpu=0.15ms elapsed=32.69s tid=0x0000000134017200 nid=23299 waiting on condition  [0x0000000000000000]
   java.lang.Thread.State: RUNNABLE

"Service Thread" #12 [23811] daemon prio=9 os_prio=31 cpu=0.03ms elapsed=32.69s tid=0x00000001348a7200 nid=23811 runnable  [0x0000000000000000]
   java.lang.Thread.State: RUNNABLE

"Monitor Deflation Thread" #13 [30979] daemon prio=9 os_prio=31 cpu=1.76ms elapsed=32.69s tid=0x00000001348a4c00 nid=30979 runnable  [0x0000000000000000]
   java.lang.Thread.State: RUNNABLE

"C2 CompilerThread0" #14 [24323] daemon prio=9 os_prio=31 cpu=134.24ms elapsed=32.69s tid=0x0000000123008800 nid=24323 waiting on condition  [0x0000000000000000]
   java.lang.Thread.State: RUNNABLE
   No compile task

"C1 CompilerThread0" #17 [30723] daemon prio=9 os_prio=31 cpu=113.42ms elapsed=32.69s tid=0x00000001348a5400 nid=30723 waiting on condition  [0x0000000000000000]
   java.lang.Thread.State: RUNNABLE
   No compile task

"Common-Cleaner" #18 [24835] daemon prio=8 os_prio=31 cpu=0.46ms elapsed=32.68s tid=0x00000001348a2c00 nid=24835 waiting on condition  [0x000000016f326000]
   java.lang.Thread.State: TIMED_WAITING (parking)
	at jdk.internal.misc.Unsafe.park(java.base@21.0.2/Native Method)
	- parking to wait for  <0x000000070000f210> (a java.util.concurrent.locks.AbstractQueuedSynchronizer$ConditionObject)
	at java.util.concurrent.locks.LockSupport.parkNanos(java.base@21.0.2/LockSupport.java:269)
	at java.util.concurrent.locks.AbstractQueuedSynchronizer$ConditionObject.await(java.base@21.0.2/AbstractQueuedSynchronizer.java:1847)
	at java.lang.ref.ReferenceQueue.await(java.base@21.0.2/ReferenceQueue.java:71)
	at java.lang.ref.ReferenceQueue.remove0(java.base@21.0.2/ReferenceQueue.java:143)
	at java.lang.ref.ReferenceQueue.remove(java.base@21.0.2/ReferenceQueue.java:218)
	at jdk.internal.ref.CleanerImpl.run(java.base@21.0.2/CleanerImpl.java:140)
	at java.lang.Thread.runWith(java.base@21.0.2/Thread.java:1596)
	at java.lang.Thread.run(java.base@21.0.2/Thread.java:1583)
	at jdk.internal.misc.InnocuousThread.run(java.base@21.0.2/InnocuousThread.java:186)

"Notification Thread" #19 [29955] daemon prio=9 os_prio=31 cpu=0.02ms elapsed=32.67s tid=0x0000000134899e00 nid=29955 runnable  [0x0000000000000000]
   java.lang.Thread.State: RUNNABLE

"Attach Listener" #28 [22023] daemon prio=9 os_prio=31 cpu=0.56ms elapsed=7.21s tid=0x0000000126809800 nid=22023 waiting on condition  [0x0000000000000000]
   java.lang.Thread.State: RUNNABLE

"VM Thread" os_prio=31 cpu=130.19ms elapsed=32.70s tid=0x0000000133f0e5b0 nid=18179 runnable  

"GC Thread#0" os_prio=31 cpu=109.56ms elapsed=32.70s tid=0x0000000133f07840 nid=14339 runnable  

"GC Thread#1" os_prio=31 cpu=109.80ms elapsed=32.46s tid=0x0000000133e41a90 nid=25091 runnable  

"GC Thread#2" os_prio=31 cpu=108.43ms elapsed=32.45s tid=0x0000000133e42000 nid=29443 runnable  

"GC Thread#3" os_prio=31 cpu=108.94ms elapsed=32.45s tid=0x0000000133f8ce80 nid=29187 runnable  

"GC Thread#4" os_prio=31 cpu=108.39ms elapsed=32.45s tid=0x0000000133f8d7e0 nid=25859 runnable  

"GC Thread#5" os_prio=31 cpu=109.95ms elapsed=32.45s tid=0x0000000133f8e140 nid=28675 runnable  

"GC Thread#6" os_prio=31 cpu=105.02ms elapsed=32.29s tid=0x0000000133f8f380 nid=26371 runnable  

"GC Thread#7" os_prio=31 cpu=103.53ms elapsed=32.29s tid=0x0000000133f8fbe0 nid=26883 runnable  

"GC Thread#8" os_prio=31 cpu=103.58ms elapsed=32.29s tid=0x0000000133f8ff80 nid=27395 runnable  

"G1 Main Marker" os_prio=31 cpu=0.02ms elapsed=32.70s tid=0x0000000133f07fe0 nid=12547 runnable  

"G1 Conc#0" os_prio=31 cpu=0.01ms elapsed=32.70s tid=0x0000000133f08960 nid=13059 runnable  

"G1 Refine#0" os_prio=31 cpu=0.01ms elapsed=32.70s tid=0x0000000134896400 nid=16387 runnable  

"G1 Service" os_prio=31 cpu=6.29ms elapsed=32.70s tid=0x0000000133f0b140 nid=16643 runnable  

"VM Periodic Task Thread" os_prio=31 cpu=9.72ms elapsed=32.70s tid=0x0000000123e04970 nid=17411 waiting on condition  

JNI global refs: 9, weak refs: 0

